0 info it worked if it ends with ok
1 verbose cli [ 'D:\\nodejs\\node.exe',
1 verbose cli   'D:\\nodejs\\node_modules\\npm\\bin\\npm-cli.js',
1 verbose cli   'start' ]
2 info using npm@3.9.5
3 info using node@v6.2.2
4 verbose run-script [ 'prestart', 'start', 'poststart' ]
5 info lifecycle Pinyuan@0.0.0~prestart: Pinyuan@0.0.0
6 silly lifecycle Pinyuan@0.0.0~prestart: no script for prestart, continuing
7 info lifecycle Pinyuan@0.0.0~start: Pinyuan@0.0.0
8 verbose lifecycle Pinyuan@0.0.0~start: unsafe-perm in lifecycle true
9 verbose lifecycle Pinyuan@0.0.0~start: PATH: D:\nodejs\node_modules\npm\bin\node-gyp-bin;C:\Users\sdh\Desktop\MyTermPro\Pinyuan\Pinyuan\node_modules\.bin;D:\nodejs;.;D:\java\jdk1.8.0\bin;C:\ProgramData\Oracle\Java\javapath;F:\java\bin;C:\Program Files (x86)\NVIDIA Corporation\PhysX\Common;C:\Program Files (x86)\Intel\iCLS Client\;C:\Program Files\Intel\iCLS Client\;C:\Windows\system32;C:\Windows;C:\Windows\System32\Wbem;C:\Windows\System32\WindowsPowerShell\v1.0\;C:\Program Files (x86)\Acer\abFiles\;C:\Program Files\Intel\Intel(R) Management Engine Components\DAL;C:\Program Files\Intel\Intel(R) Management Engine Components\IPT;C:\Program Files (x86)\Intel\Intel(R) Management Engine Components\DAL;C:\Program Files (x86)\Intel\Intel(R) Management Engine Components\IPT;C:\Program Files (x86)\Microsoft SQL Server\100\Tools\Binn\;C:\Program Files\Microsoft SQL Server\100\Tools\Binn\;C:\Program Files\Microsoft SQL Server\100\DTS\Binn\;C:\Program Files (x86)\Microsoft SQL Server\100\Tools\Binn\VSShell\Common7\IDE\;C:\Program Files (x86)\Microsoft Visual Studio 9.0\Common7\IDE\PrivateAssemblies\;C:\Program Files (x86)\Microsoft SQL Server\100\DTS\Binn\;C:\Program Files\Microsoft SQL Server\110\Tools\Binn\;C:\Program Files\Microsoft SQL Server\120\Tools\Binn\;%ANDROID%\tools;%ANDROID%\platform-tools;C:\WINDOWS\system32;C:\WINDOWS;C:\WINDOWS\System32\Wbem;C:\WINDOWS\System32\WindowsPowerShell\v1.0\;D:\adt-bundle-windows-x86_64-20131030\sdk\platform-tools;C:\wamp\bin\mysql\mysql5.6.17\bin;C:\Users\sdh\Desktop\test\Program Files\Graphite Compiler;C:\Users\sdh\Desktop\test\Program Files\Graphite Compiler;C:\Program Files\Git\cmd;C:\Program Files (x86)\MySQL\MySQL Server 5.5\bin;C:\Program Files (x86)\Windows Kits\8.1\Windows Performance Toolkit\;D:\nodejs\;C:\Python27;D:\jdk\bin;F:\AppServ\Apache2.2\bin;F:\AppServ\php5;F:\AppServ\MySQL\bin;C:\Users\sdh\AppData\Roaming\npm
10 verbose lifecycle Pinyuan@0.0.0~start: CWD: C:\Users\sdh\Desktop\MyTermPro\Pinyuan\Pinyuan
11 silly lifecycle Pinyuan@0.0.0~start: Args: [ '/d /s /c', 'node ./bin/www' ]
12 silly lifecycle Pinyuan@0.0.0~start: Returned: code: 1  signal: null
13 info lifecycle Pinyuan@0.0.0~start: Failed to exec start script
14 verbose stack Error: Pinyuan@0.0.0 start: `node ./bin/www`
14 verbose stack Exit status 1
14 verbose stack     at EventEmitter.<anonymous> (D:\nodejs\node_modules\npm\lib\utils\lifecycle.js:245:16)
14 verbose stack     at emitTwo (events.js:106:13)
14 verbose stack     at EventEmitter.emit (events.js:191:7)
14 verbose stack     at ChildProcess.<anonymous> (D:\nodejs\node_modules\npm\lib\utils\spawn.js:24:14)
14 verbose stack     at emitTwo (events.js:106:13)
14 verbose stack     at ChildProcess.emit (events.js:191:7)
14 verbose stack     at maybeClose (internal/child_process.js:852:16)
14 verbose stack     at Process.ChildProcess._handle.onexit (internal/child_process.js:215:5)
15 verbose pkgid Pinyuan@0.0.0
16 verbose cwd C:\Users\sdh\Desktop\MyTermPro\Pinyuan\Pinyuan
17 error Windows_NT 10.0.10586
18 error argv "D:\\nodejs\\node.exe" "D:\\nodejs\\node_modules\\npm\\bin\\npm-cli.js" "start"
19 error node v6.2.2
20 error npm  v3.9.5
21 error code ELIFECYCLE
22 error Pinyuan@0.0.0 start: `node ./bin/www`
22 error Exit status 1
23 error Failed at the Pinyuan@0.0.0 start script 'node ./bin/www'.
23 error Make sure you have the latest version of node.js and npm installed.
23 error If you do, this is most likely a problem with the Pinyuan package,
23 error not with npm itself.
23 error Tell the author that this fails on your system:
23 error     node ./bin/www
23 error You can get information on how to open an issue for this project with:
23 error     npm bugs Pinyuan
23 error Or if that isn't available, you can get their info via:
23 error     npm owner ls Pinyuan
23 error There is likely additional logging output above.
24 verbose exit [ 1, true ]
